2014-08-23 17:04:35.723 HelloCordova[11281:70b] Multi-tasking -> Device: YES, App: YES
2014-08-23 17:04:35.728 HelloCordova[11281:70b] Unlimited access to network resources
2014-08-23 17:04:35.730 HelloCordova[11281:70b] 

Started backup to iCloud! Please be careful.
Your application might rejected by Apple if you store too much data.
For more information please read "iOS Data Storage Guidelines"
You could find it at the following address https://developer.apple.com/icloud/documentation/data-storage/ .

2014-08-23 17:04:35.811 HelloCordova[11281:70b] Resetting plugins due to page load.
2014-08-23 17:04:35.877 HelloCordova[11281:70b] Finished load of: file:///Users/TKClarke/Library/Application%20Support/iPhone%20Simulator/7.1/Applications/EB9848B8-4588-467D-B139-499B57B45B83/HelloCordova.app/www/index.html
2014-08-23 17:05:23.159 HelloCordova[11356:70b] Multi-tasking -> Device: YES, App: YES
2014-08-23 17:05:23.164 HelloCordova[11356:70b] Unlimited access to network resources
2014-08-23 17:05:23.166 HelloCordova[11356:70b] 

Started backup to iCloud! Please be careful.
Your application might rejected by Apple if you store too much data.
For more information please read "iOS Data Storage Guidelines"
You could find it at the following address https://developer.apple.com/icloud/documentation/data-storage/ .

2014-08-23 17:05:23.232 HelloCordova[11356:70b] Resetting plugins due to page load.
2014-08-23 17:05:23.268 HelloCordova[11356:70b] Finished load of: file:///Users/TKClarke/Library/Application%20Support/iPhone%20Simulator/7.1/Applications/EB9848B8-4588-467D-B139-499B57B45B83/HelloCordova.app/www/index.html
2014-08-23 17:09:34.092 HelloCordova[11450:70b] Multi-tasking -> Device: YES, App: YES
2014-08-23 17:09:34.097 HelloCordova[11450:70b] Unlimited access to network resources
2014-08-23 17:09:34.099 HelloCordova[11450:70b] 

Started backup to iCloud! Please be careful.
Your application might rejected by Apple if you store too much data.
For more information please read "iOS Data Storage Guidelines"
You could find it at the following address https://developer.apple.com/icloud/documentation/data-storage/ .

2014-08-23 17:09:34.153 HelloCordova[11450:70b] Resetting plugins due to page load.
2014-08-23 17:09:34.265 HelloCordova[11450:70b] Finished load of: file:///Users/TKClarke/Library/Application%20Support/iPhone%20Simulator/7.1/Applications/EB9848B8-4588-467D-B139-499B57B45B83/HelloCordova.app/www/index.html
2014-08-23 17:11:22.663 HelloCordova[11530:70b] Multi-tasking -> Device: YES, App: YES
2014-08-23 17:11:22.668 HelloCordova[11530:70b] Unlimited access to network resources
2014-08-23 17:11:22.670 HelloCordova[11530:70b] 

Started backup to iCloud! Please be careful.
Your application might rejected by Apple if you store too much data.
For more information please read "iOS Data Storage Guidelines"
You could find it at the following address https://developer.apple.com/icloud/documentation/data-storage/ .

2014-08-23 17:11:22.770 HelloCordova[11530:70b] Resetting plugins due to page load.
2014-08-23 17:11:22.880 HelloCordova[11530:70b] Finished load of: file:///Users/TKClarke/Library/Application%20Support/iPhone%20Simulator/7.1/Applications/EB9848B8-4588-467D-B139-499B57B45B83/HelloCordova.app/www/index.html
2014-08-23 17:14:22.881 HelloCordova[11605:70b] Multi-tasking -> Device: YES, App: YES
2014-08-23 17:14:22.886 HelloCordova[11605:70b] Unlimited access to network resources
2014-08-23 17:14:22.888 HelloCordova[11605:70b] 

Started backup to iCloud! Please be careful.
Your application might rejected by Apple if you store too much data.
For more information please read "iOS Data Storage Guidelines"
You could find it at the following address https://developer.apple.com/icloud/documentation/data-storage/ .

2014-08-23 17:14:22.925 HelloCordova[11605:70b] Resetting plugins due to page load.
2014-08-23 17:14:23.042 HelloCordova[11605:70b] Finished load of: file:///Users/TKClarke/Library/Application%20Support/iPhone%20Simulator/7.1/Applications/EB9848B8-4588-467D-B139-499B57B45B83/HelloCordova.app/www/index.html
